<?xml version="1.0" encoding="UTF-8"?>
<!-- Generated by org.testng.reporters.JUnitReportReporter -->
<testsuite hostname="DESKTOP-RQOJ2IQ" failures="0" tests="1" name="com.allure.sample.Testcase2" time="0.206" errors="0" timestamp="2025-05-29T21:05:02 IST" skipped="0">
  <testcase classname="com.allure.sample.Testcase2" name="testMethod2" time="0.206"/>
</testsuite> <!-- com.allure.sample.Testcase2 -->
