<?xml version="1.0" encoding="UTF-8"?>
<!-- Generated by org.testng.reporters.JUnitReportReporter -->
<testsuite hostname="DESKTOP-RQOJ2IQ" failures="0" tests="2" name="com.allure.sample.Testcase3" time="0.035" errors="0" timestamp="2025-05-29T21:05:02 IST" skipped="2">
  <testcase classname="com.allure.sample.Testcase3" name="testMethod4" time="0.015">
    <skipped/>
  </testcase> <!-- testMethod4 -->
  <testcase classname="com.allure.sample.Testcase3" name="testMethod3" time="0.020">
    <skipped/>
  </testcase> <!-- testMethod3 -->
</testsuite> <!-- com.allure.sample.Testcase3 -->
